<?xml version="1.0" encoding="UTF-8"?>
<testsuite name="CategoryTest" tests="7" skipped="0" failures="0" errors="0" timestamp="2015-08-31T04:25:41" hostname="Nataliyas-MacBook-Pro.local" time="0.238">
  <properties/>
  <testcase name="equals_returnsTrueIfNamesAretheSame" classname="CategoryTest" time="0.015"/>
  <testcase name="delete_deletesAllTasksAndListsAssociations" classname="CategoryTest" time="0.057"/>
  <testcase name="getTasks_returnsAllTasks_ArrayList" classname="CategoryTest" time="0.047"/>
  <testcase name="all_emptyAtFirst" classname="CategoryTest" time="0.016"/>
  <testcase name="addTask_addsTaskToCategory" classname="CategoryTest" time="0.045"/>
  <testcase name="save_savesIntoDatabase_true" classname="CategoryTest" time="0.025"/>
  <testcase name="find_findsCategoryInDatabase_true" classname="CategoryTest" time="0.029"/>
  <system-out><![CDATA[]]></system-out>
  <system-err><![CDATA[]]></system-err>
</testsuite>
