<?xml version="1.0" encoding="UTF-8"?>
<testsuite name="AppTest" tests="5" skipped="0" failures="0" errors="0" timestamp="2015-08-31T03:37:00" hostname="Nataliyas-MacBook-Pro.local" time="1.125">
  <properties/>
  <testcase name="categoryTaskFormIsDisplayed" classname="AppTest" time="0.766"/>
  <testcase name="rootTest" classname="AppTest" time="0.044"/>
  <testcase name="clientIsAddedAndDisplayed" classname="AppTest" time="0.072"/>
  <testcase name="categoryIsCreatedTest" classname="AppTest" time="0.151"/>
  <testcase name="categoryIsDisplayedTest" classname="AppTest" time="0.064"/>
  <system-out><![CDATA[]]></system-out>
  <system-err><![CDATA[[Thread-4] INFO spark.webserver.SparkServer - == Spark has ignited ...
[Thread-4] INFO spark.webserver.SparkServer - >> Listening on 0.0.0.0:4567
[Thread-4] INFO org.eclipse.jetty.server.Server - jetty-9.0.2.v20130417
[Thread-4] INFO org.eclipse.jetty.server.ServerConnector - Started ServerConnector@a76c19a{HTTP/1.1}{0.0.0.0:4567}
[Test worker] INFO spark.webserver.SparkServer - >>> Spark shutting down ...
[Test worker] INFO org.eclipse.jetty.server.Server - Graceful shutdown org.eclipse.jetty.server.Server@7646a18a by 
[Test worker] INFO org.eclipse.jetty.server.ServerConnector - Stopped ServerConnector@a76c19a{HTTP/1.1}{0.0.0.0:4567}
[Test worker] INFO spark.webserver.SparkServer - done
]]></system-err>
</testsuite>
