<?xml version="1.0" encoding="UTF-8"?>
<testsuite name="CategoryTest" tests="6" skipped="0" failures="0" errors="0" timestamp="2015-08-31T03:37:01" hostname="Nataliyas-MacBook-Pro.local" time="0.204">
  <properties/>
  <testcase name="equals_returnsTrueIfNamesAretheSame" classname="CategoryTest" time="0.01"/>
  <testcase name="getTasks_returnsAllTasks_ArrayList" classname="CategoryTest" time="0.072"/>
  <testcase name="all_emptyAtFirst" classname="CategoryTest" time="0.018"/>
  <testcase name="addTask_addsTaskToCategory" classname="CategoryTest" time="0.051"/>
  <testcase name="save_savesIntoDatabase_true" classname="CategoryTest" time="0.026"/>
  <testcase name="find_findsCategoryInDatabase_true" classname="CategoryTest" time="0.025"/>
  <system-out><![CDATA[]]></system-out>
  <system-err><![CDATA[]]></system-err>
</testsuite>
